<?xml version="1.0" encoding="UTF-8"?>
<testsuite xmlns:xsi="http://www.w3.org/2001/XMLSchema-instance" xsi:noNamespaceSchemaLocation="https://maven.apache.org/surefire/maven-surefire-plugin/xsd/surefire-test-report-3.0.xsd" version="3.0" name="com.example.demo.model.StudentTest" time="0.043" tests="6" errors="0" skipped="0" failures="0">
  <properties>
[...]
</properties>
  <testcase name="testGetApellidoWhenApellidoIsEmpty" classname="com.example.demo.model.StudentTest" time="0.022"/>
  <testcase name="testGetNombreWhenNombreIsNotEmpty" classname="com.example.demo.model.StudentTest" time="0"/>
  <testcase name="testGetApellidoWhenApellidoIsNotEmpty" classname="com.example.demo.model.StudentTest" time="0"/>
  <testcase name="testGetIdWhenIdIsNotEmpty" classname="com.example.demo.model.StudentTest" time="0"/>
  <testcase name="testGetNombreWhenNombreIsEmpty" classname="com.example.demo.model.StudentTest" time="0.001"/>
  <testcase name="testGetIdWhenIdIsEmpty" classname="com.example.demo.model.StudentTest" time="0.001"/>
</testsuite>